[INFO] 2018-10-12 17:42:18.344 [main] [org.springframework.boot.StartupInfoLogger]48 - Starting Application on DESKTOP-6OE57TT with PID 19528 (E:\shiro_workspace\springboot-asyncLogger-baseOnAspect\target\classes started by hp in E:\shiro_workspace\springboot-asyncLogger-baseOnAspect) 
[INFO] 2018-10-12 17:42:18.347 [main] [org.springframework.boot.SpringApplication]593 - No active profile set, falling back to default profiles: default 
[INFO] 2018-10-12 17:42:18.413 [main] [org.springframework.context.support.AbstractApplicationContext]583 - Refreshing org.springframework.boot.context.embedded.AnnotationConfigEmbeddedWebApplicationContext@3d299e3: startup date [Fri Oct 12 17:42:18 CST 2018]; root of context hierarchy 
[INFO] 2018-10-12 17:42:18.704 [background-preinit] [org.hibernate.validator.internal.util.Version]30 - HV000001: Hibernate Validator 5.3.6.Final 
[INFO] 2018-10-12 17:42:19.457 [main] [org.springframework.context.support.PostProcessorRegistrationDelegate$BeanPostProcessorChecker]327 - Bean 'mybatis-org.mybatis.spring.boot.autoconfigure.MybatisProperties' of type [org.mybatis.spring.boot.autoconfigure.MybatisProperties] is not eligible for getting processed by all BeanPostProcessors (for example: not eligible for auto-proxying) 
[INFO] 2018-10-12 17:42:19.463 [main] [org.springframework.context.support.PostProcessorRegistrationDelegate$BeanPostProcessorChecker]327 - Bean 'org.mybatis.spring.boot.autoconfigure.MybatisAutoConfiguration' of type [org.mybatis.spring.boot.autoconfigure.MybatisAutoConfiguration$$EnhancerBySpringCGLIB$$d7338c2f] is not eligible for getting processed by all BeanPostProcessors (for example: not eligible for auto-proxying) 
[INFO] 2018-10-12 17:42:19.468 [main] [org.springframework.context.support.PostProcessorRegistrationDelegate$BeanPostProcessorChecker]327 - Bean 'org.springframework.boot.autoconfigure.jdbc.DataSourceConfiguration$Tomcat' of type [org.springframework.boot.autoconfigure.jdbc.DataSourceConfiguration$Tomcat] is not eligible for getting processed by all BeanPostProcessors (for example: not eligible for auto-proxying) 
[INFO] 2018-10-12 17:42:19.496 [main] [org.springframework.context.support.PostProcessorRegistrationDelegate$BeanPostProcessorChecker]327 - Bean 'spring.datasource-org.springframework.boot.autoconfigure.jdbc.DataSourceProperties' of type [org.springframework.boot.autoconfigure.jdbc.DataSourceProperties] is not eligible for getting processed by all BeanPostProcessors (for example: not eligible for auto-proxying) 
[INFO] 2018-10-12 17:42:19.587 [main] [org.springframework.context.support.PostProcessorRegistrationDelegate$BeanPostProcessorChecker]327 - Bean 'dataSource' of type [org.apache.tomcat.jdbc.pool.DataSource] is not eligible for getting processed by all BeanPostProcessors (for example: not eligible for auto-proxying) 
[INFO] 2018-10-12 17:42:19.673 [main] [org.springframework.context.support.PostProcessorRegistrationDelegate$BeanPostProcessorChecker]327 - Bean 'sqlSessionFactory' of type [org.apache.ibatis.session.defaults.DefaultSqlSessionFactory] is not eligible for getting processed by all BeanPostProcessors (for example: not eligible for auto-proxying) 
[INFO] 2018-10-12 17:42:19.683 [main] [org.springframework.context.support.PostProcessorRegistrationDelegate$BeanPostProcessorChecker]327 - Bean 'sqlSessionTemplate' of type [org.mybatis.spring.SqlSessionTemplate] is not eligible for getting processed by all BeanPostProcessors (for example: not eligible for auto-proxying) 
[INFO] 2018-10-12 17:42:19.803 [main] [org.springframework.context.support.PostProcessorRegistrationDelegate$BeanPostProcessorChecker]327 - Bean 'sysOperationLogMapper' of type [org.mybatis.spring.mapper.MapperFactoryBean] is not eligible for getting processed by all BeanPostProcessors (for example: not eligible for auto-proxying) 
[INFO] 2018-10-12 17:42:19.804 [main] [org.springframework.context.support.PostProcessorRegistrationDelegate$BeanPostProcessorChecker]327 - Bean 'bussinessLog' of type [org.mybatis.spring.mapper.MapperFactoryBean] is not eligible for getting processed by all BeanPostProcessors (for example: not eligible for auto-proxying) 
[INFO] 2018-10-12 17:42:20.688 [main] [org.springframework.boot.context.embedded.tomcat.TomcatEmbeddedServletContainer]89 - Tomcat initialized with port(s): 8080 (http) 
[INFO] 2018-10-12 17:42:20.702 [main] [org.apache.juli.logging.DirectJDKLog]179 - Starting service [Tomcat] 
[INFO] 2018-10-12 17:42:20.703 [main] [org.apache.juli.logging.DirectJDKLog]179 - Starting Servlet Engine: Apache Tomcat/8.5.23 
[INFO] 2018-10-12 17:42:20.847 [localhost-startStop-1] [org.apache.juli.logging.DirectJDKLog]179 - Initializing Spring embedded WebApplicationContext 
[INFO] 2018-10-12 17:42:20.847 [localhost-startStop-1] [org.springframework.boot.context.embedded.EmbeddedWebApplicationContext]276 - Root WebApplicationContext: initialization completed in 2437 ms 
[INFO] 2018-10-12 17:42:21.051 [localhost-startStop-1] [org.springframework.boot.web.servlet.ServletRegistrationBean]190 - Mapping servlet: 'dispatcherServlet' to [/] 
[INFO] 2018-10-12 17:42:21.058 [localhost-startStop-1] [org.springframework.boot.web.servlet.AbstractFilterRegistrationBean]258 - Mapping filter: 'characterEncodingFilter' to: [/*] 
[INFO] 2018-10-12 17:42:21.059 [localhost-startStop-1] [org.springframework.boot.web.servlet.AbstractFilterRegistrationBean]258 - Mapping filter: 'hiddenHttpMethodFilter' to: [/*] 
[INFO] 2018-10-12 17:42:21.059 [localhost-startStop-1] [org.springframework.boot.web.servlet.AbstractFilterRegistrationBean]258 - Mapping filter: 'httpPutFormContentFilter' to: [/*] 
[INFO] 2018-10-12 17:42:21.059 [localhost-startStop-1] [org.springframework.boot.web.servlet.AbstractFilterRegistrationBean]258 - Mapping filter: 'requestContextFilter' to: [/*] 
[INFO] 2018-10-12 17:42:21.517 [main] [org.springframework.web.servlet.mvc.method.annotation.RequestMappingHandlerAdapter]534 - Looking for @ControllerAdvice: org.springframework.boot.context.embedded.AnnotationConfigEmbeddedWebApplicationContext@3d299e3: startup date [Fri Oct 12 17:42:18 CST 2018]; root of context hierarchy 
[INFO] 2018-10-12 17:42:21.698 [main] [org.springframework.web.servlet.handler.AbstractHandlerMethodMapping$MappingRegistry]543 - Mapped "{[/student/queryStudentInfo],methods=[GET]}" onto public java.lang.String com.gwg.demo.controller.StudentController.queryStudentInfo() 
[INFO] 2018-10-12 17:42:21.700 [main] [org.springframework.web.servlet.handler.AbstractHandlerMethodMapping$MappingRegistry]543 - Mapped "{[/error]}" onto public org.springframework.http.ResponseEntity<java.util.Map<java.lang.String, java.lang.Object>> org.springframework.boot.autoconfigure.web.BasicErrorController.error(javax.servlet.http.HttpServletRequest) 
[INFO] 2018-10-12 17:42:21.700 [main] [org.springframework.web.servlet.handler.AbstractHandlerMethodMapping$MappingRegistry]543 - Mapped "{[/error],produces=[text/html]}" onto public org.springframework.web.servlet.ModelAndView org.springframework.boot.autoconfigure.web.BasicErrorController.errorHtml(javax.servlet.http.HttpServletRequest,javax.servlet.http.HttpServletResponse) 
[INFO] 2018-10-12 17:42:21.746 [main] [org.springframework.web.servlet.handler.AbstractUrlHandlerMapping]362 - Mapped URL path [/webjars/**] onto handler of type [class org.springframework.web.servlet.resource.ResourceHttpRequestHandler] 
[INFO] 2018-10-12 17:42:21.747 [main] [org.springframework.web.servlet.handler.AbstractUrlHandlerMapping]362 - Mapped URL path [/**] onto handler of type [class org.springframework.web.servlet.resource.ResourceHttpRequestHandler] 
[INFO] 2018-10-12 17:42:21.812 [main] [org.springframework.web.servlet.handler.AbstractUrlHandlerMapping]362 - Mapped URL path [/**/favicon.ico] onto handler of type [class org.springframework.web.servlet.resource.ResourceHttpRequestHandler] 
[INFO] 2018-10-12 17:42:22.231 [main] [org.springframework.jmx.export.MBeanExporter]431 - Registering beans for JMX exposure on startup 
[INFO] 2018-10-12 17:42:22.255 [main] [org.apache.juli.logging.DirectJDKLog]179 - Initializing ProtocolHandler ["http-nio-8080"] 
[INFO] 2018-10-12 17:42:22.272 [main] [org.apache.juli.logging.DirectJDKLog]179 - Starting ProtocolHandler ["http-nio-8080"] 
[INFO] 2018-10-12 17:42:22.288 [main] [org.apache.juli.logging.DirectJDKLog]179 - Using a shared selector for servlet write/read 
[INFO] 2018-10-12 17:42:22.309 [main] [org.springframework.boot.context.embedded.tomcat.TomcatEmbeddedServletContainer]201 - Tomcat started on port(s): 8080 (http) 
[INFO] 2018-10-12 17:42:22.316 [main] [org.springframework.boot.StartupInfoLogger]57 - Started Application in 4.382 seconds (JVM running for 5.398) 
[INFO] 2018-10-12 17:43:44.883 [http-nio-8080-exec-1] [org.apache.juli.logging.DirectJDKLog]179 - Initializing Spring FrameworkServlet 'dispatcherServlet' 
[INFO] 2018-10-12 17:43:44.884 [http-nio-8080-exec-1] [org.springframework.web.servlet.FrameworkServlet]489 - FrameworkServlet 'dispatcherServlet': initialization started 
[INFO] 2018-10-12 17:43:44.910 [http-nio-8080-exec-1] [org.springframework.web.servlet.FrameworkServlet]508 - FrameworkServlet 'dispatcherServlet': initialization completed in 26 ms 
[INFO] 2018-10-12 17:43:45.914 [pool-1-thread-1] [org.springframework.beans.factory.xml.XmlBeanDefinitionReader]317 - Loading XML bean definitions from class path resource [org/springframework/jdbc/support/sql-error-codes.xml] 
[INFO] 2018-10-12 17:43:45.945 [pool-1-thread-1] [org.springframework.jdbc.support.SQLErrorCodesFactory]127 - SQLErrorCodes loaded: [DB2, Derby, H2, HSQL, Informix, MS-SQL, MySQL, Oracle, PostgreSQL, Sybase, Hana] 
[INFO] 2018-10-12 17:50:48.606 [main] [org.springframework.boot.StartupInfoLogger]48 - Starting Application on DESKTOP-6OE57TT with PID 14296 (E:\shiro_workspace\springboot-asyncLogger-baseOnAspect\target\classes started by hp in E:\shiro_workspace\springboot-asyncLogger-baseOnAspect) 
[INFO] 2018-10-12 17:50:48.609 [main] [org.springframework.boot.SpringApplication]593 - No active profile set, falling back to default profiles: default 
[INFO] 2018-10-12 17:50:48.669 [main] [org.springframework.context.support.AbstractApplicationContext]583 - Refreshing org.springframework.boot.context.embedded.AnnotationConfigEmbeddedWebApplicationContext@21ba0741: startup date [Fri Oct 12 17:50:48 CST 2018]; root of context hierarchy 
[INFO] 2018-10-12 17:50:57.269 [background-preinit] [org.hibernate.validator.internal.util.Version]30 - HV000001: Hibernate Validator 5.3.6.Final 
[INFO] 2018-10-12 17:50:58.061 [main] [org.springframework.context.support.PostProcessorRegistrationDelegate$BeanPostProcessorChecker]327 - Bean 'mybatis-org.mybatis.spring.boot.autoconfigure.MybatisProperties' of type [org.mybatis.spring.boot.autoconfigure.MybatisProperties] is not eligible for getting processed by all BeanPostProcessors (for example: not eligible for auto-proxying) 
[INFO] 2018-10-12 17:50:58.066 [main] [org.springframework.context.support.PostProcessorRegistrationDelegate$BeanPostProcessorChecker]327 - Bean 'org.mybatis.spring.boot.autoconfigure.MybatisAutoConfiguration' of type [org.mybatis.spring.boot.autoconfigure.MybatisAutoConfiguration$$EnhancerBySpringCGLIB$$ef9c4b87] is not eligible for getting processed by all BeanPostProcessors (for example: not eligible for auto-proxying) 
[INFO] 2018-10-12 17:50:58.072 [main] [org.springframework.context.support.PostProcessorRegistrationDelegate$BeanPostProcessorChecker]327 - Bean 'org.springframework.boot.autoconfigure.jdbc.DataSourceConfiguration$Tomcat' of type [org.springframework.boot.autoconfigure.jdbc.DataSourceConfiguration$Tomcat] is not eligible for getting processed by all BeanPostProcessors (for example: not eligible for auto-proxying) 
[INFO] 2018-10-12 17:50:58.105 [main] [org.springframework.context.support.PostProcessorRegistrationDelegate$BeanPostProcessorChecker]327 - Bean 'spring.datasource-org.springframework.boot.autoconfigure.jdbc.DataSourceProperties' of type [org.springframework.boot.autoconfigure.jdbc.DataSourceProperties] is not eligible for getting processed by all BeanPostProcessors (for example: not eligible for auto-proxying) 
[INFO] 2018-10-12 17:50:58.218 [main] [org.springframework.context.support.PostProcessorRegistrationDelegate$BeanPostProcessorChecker]327 - Bean 'dataSource' of type [org.apache.tomcat.jdbc.pool.DataSource] is not eligible for getting processed by all BeanPostProcessors (for example: not eligible for auto-proxying) 
[INFO] 2018-10-12 17:50:58.451 [main] [org.springframework.context.support.PostProcessorRegistrationDelegate$BeanPostProcessorChecker]327 - Bean 'sqlSessionFactory' of type [org.apache.ibatis.session.defaults.DefaultSqlSessionFactory] is not eligible for getting processed by all BeanPostProcessors (for example: not eligible for auto-proxying) 
[INFO] 2018-10-12 17:50:58.462 [main] [org.springframework.context.support.PostProcessorRegistrationDelegate$BeanPostProcessorChecker]327 - Bean 'sqlSessionTemplate' of type [org.mybatis.spring.SqlSessionTemplate] is not eligible for getting processed by all BeanPostProcessors (for example: not eligible for auto-proxying) 
[INFO] 2018-10-12 17:50:58.463 [main] [org.springframework.context.support.PostProcessorRegistrationDelegate$BeanPostProcessorChecker]327 - Bean 'sysOperationLogMapper' of type [org.mybatis.spring.mapper.MapperFactoryBean] is not eligible for getting processed by all BeanPostProcessors (for example: not eligible for auto-proxying) 
[INFO] 2018-10-12 17:50:58.465 [main] [org.springframework.context.support.PostProcessorRegistrationDelegate$BeanPostProcessorChecker]327 - Bean 'bussinessLog' of type [org.mybatis.spring.mapper.MapperFactoryBean] is not eligible for getting processed by all BeanPostProcessors (for example: not eligible for auto-proxying) 
[INFO] 2018-10-12 17:50:59.492 [main] [org.springframework.boot.context.embedded.tomcat.TomcatEmbeddedServletContainer]89 - Tomcat initialized with port(s): 8080 (http) 
[INFO] 2018-10-12 17:50:59.514 [main] [org.apache.juli.logging.DirectJDKLog]179 - Starting service [Tomcat] 
[INFO] 2018-10-12 17:50:59.516 [main] [org.apache.juli.logging.DirectJDKLog]179 - Starting Servlet Engine: Apache Tomcat/8.5.23 
[INFO] 2018-10-12 17:50:59.720 [localhost-startStop-1] [org.apache.juli.logging.DirectJDKLog]179 - Initializing Spring embedded WebApplicationContext 
[INFO] 2018-10-12 17:50:59.720 [localhost-startStop-1] [org.springframework.boot.context.embedded.EmbeddedWebApplicationContext]276 - Root WebApplicationContext: initialization completed in 11055 ms 
[INFO] 2018-10-12 17:50:59.937 [localhost-startStop-1] [org.springframework.boot.web.servlet.ServletRegistrationBean]190 - Mapping servlet: 'dispatcherServlet' to [/] 
[INFO] 2018-10-12 17:50:59.944 [localhost-startStop-1] [org.springframework.boot.web.servlet.AbstractFilterRegistrationBean]258 - Mapping filter: 'characterEncodingFilter' to: [/*] 
[INFO] 2018-10-12 17:50:59.945 [localhost-startStop-1] [org.springframework.boot.web.servlet.AbstractFilterRegistrationBean]258 - Mapping filter: 'hiddenHttpMethodFilter' to: [/*] 
[INFO] 2018-10-12 17:50:59.946 [localhost-startStop-1] [org.springframework.boot.web.servlet.AbstractFilterRegistrationBean]258 - Mapping filter: 'httpPutFormContentFilter' to: [/*] 
[INFO] 2018-10-12 17:50:59.946 [localhost-startStop-1] [org.springframework.boot.web.servlet.AbstractFilterRegistrationBean]258 - Mapping filter: 'requestContextFilter' to: [/*] 
[INFO] 2018-10-12 17:51:00.503 [main] [org.springframework.web.servlet.mvc.method.annotation.RequestMappingHandlerAdapter]534 - Looking for @ControllerAdvice: org.springframework.boot.context.embedded.AnnotationConfigEmbeddedWebApplicationContext@21ba0741: startup date [Fri Oct 12 17:50:48 CST 2018]; root of context hierarchy 
[INFO] 2018-10-12 17:51:00.584 [main] [org.springframework.web.servlet.handler.AbstractHandlerMethodMapping$MappingRegistry]543 - Mapped "{[/student/queryStudentInfo],methods=[GET]}" onto public java.lang.String com.gwg.demo.controller.StudentController.queryStudentInfo() 
[INFO] 2018-10-12 17:51:00.590 [main] [org.springframework.web.servlet.handler.AbstractHandlerMethodMapping$MappingRegistry]543 - Mapped "{[/error]}" onto public org.springframework.http.ResponseEntity<java.util.Map<java.lang.String, java.lang.Object>> org.springframework.boot.autoconfigure.web.BasicErrorController.error(javax.servlet.http.HttpServletRequest) 
[INFO] 2018-10-12 17:51:00.591 [main] [org.springframework.web.servlet.handler.AbstractHandlerMethodMapping$MappingRegistry]543 - Mapped "{[/error],produces=[text/html]}" onto public org.springframework.web.servlet.ModelAndView org.springframework.boot.autoconfigure.web.BasicErrorController.errorHtml(javax.servlet.http.HttpServletRequest,javax.servlet.http.HttpServletResponse) 
[INFO] 2018-10-12 17:51:00.642 [main] [org.springframework.web.servlet.handler.AbstractUrlHandlerMapping]362 - Mapped URL path [/webjars/**] onto handler of type [class org.springframework.web.servlet.resource.ResourceHttpRequestHandler] 
[INFO] 2018-10-12 17:51:00.646 [main] [org.springframework.web.servlet.handler.AbstractUrlHandlerMapping]362 - Mapped URL path [/**] onto handler of type [class org.springframework.web.servlet.resource.ResourceHttpRequestHandler] 
[INFO] 2018-10-12 17:51:00.697 [main] [org.springframework.web.servlet.handler.AbstractUrlHandlerMapping]362 - Mapped URL path [/**/favicon.ico] onto handler of type [class org.springframework.web.servlet.resource.ResourceHttpRequestHandler] 
[INFO] 2018-10-12 17:51:01.315 [main] [org.springframework.jmx.export.MBeanExporter]431 - Registering beans for JMX exposure on startup 
[INFO] 2018-10-12 17:51:01.350 [main] [org.apache.juli.logging.DirectJDKLog]179 - Initializing ProtocolHandler ["http-nio-8080"] 
[INFO] 2018-10-12 17:51:01.371 [main] [org.apache.juli.logging.DirectJDKLog]179 - Starting ProtocolHandler ["http-nio-8080"] 
[INFO] 2018-10-12 17:51:01.394 [main] [org.apache.juli.logging.DirectJDKLog]179 - Using a shared selector for servlet write/read 
[INFO] 2018-10-12 17:51:01.425 [main] [org.springframework.boot.context.embedded.tomcat.TomcatEmbeddedServletContainer]201 - Tomcat started on port(s): 8080 (http) 
[INFO] 2018-10-12 17:51:01.433 [main] [org.springframework.boot.StartupInfoLogger]57 - Started Application in 13.327 seconds (JVM running for 14.158) 
[INFO] 2018-10-12 17:51:48.782 [http-nio-8080-exec-2] [org.apache.juli.logging.DirectJDKLog]179 - Initializing Spring FrameworkServlet 'dispatcherServlet' 
[INFO] 2018-10-12 17:51:48.782 [http-nio-8080-exec-2] [org.springframework.web.servlet.FrameworkServlet]489 - FrameworkServlet 'dispatcherServlet': initialization started 
[INFO] 2018-10-12 17:51:48.805 [http-nio-8080-exec-2] [org.springframework.web.servlet.FrameworkServlet]508 - FrameworkServlet 'dispatcherServlet': initialization completed in 23 ms 
[INFO] 2018-10-12 17:51:50.099 [pool-1-thread-1] [org.springframework.beans.factory.xml.XmlBeanDefinitionReader]317 - Loading XML bean definitions from class path resource [org/springframework/jdbc/support/sql-error-codes.xml] 
[INFO] 2018-10-12 17:51:50.133 [pool-1-thread-1] [org.springframework.jdbc.support.SQLErrorCodesFactory]127 - SQLErrorCodes loaded: [DB2, Derby, H2, HSQL, Informix, MS-SQL, MySQL, Oracle, PostgreSQL, Sybase, Hana] 
[INFO] 2018-10-12 17:58:32.048 [main] [org.springframework.boot.StartupInfoLogger]48 - Starting Application on DESKTOP-6OE57TT with PID 23892 (E:\shiro_workspace\springboot-asyncLogger-baseOnAspect\target\classes started by hp in E:\shiro_workspace\springboot-asyncLogger-baseOnAspect) 
[INFO] 2018-10-12 17:58:32.050 [main] [org.springframework.boot.SpringApplication]593 - No active profile set, falling back to default profiles: default 
[INFO] 2018-10-12 17:58:32.109 [main] [org.springframework.context.support.AbstractApplicationContext]583 - Refreshing org.springframework.boot.context.embedded.AnnotationConfigEmbeddedWebApplicationContext@21ba0741: startup date [Fri Oct 12 17:58:32 CST 2018]; root of context hierarchy 
[INFO] 2018-10-12 17:58:32.440 [background-preinit] [org.hibernate.validator.internal.util.Version]30 - HV000001: Hibernate Validator 5.3.6.Final 
[INFO] 2018-10-12 17:58:33.328 [main] [org.springframework.context.support.PostProcessorRegistrationDelegate$BeanPostProcessorChecker]327 - Bean 'mybatis-org.mybatis.spring.boot.autoconfigure.MybatisProperties' of type [org.mybatis.spring.boot.autoconfigure.MybatisProperties] is not eligible for getting processed by all BeanPostProcessors (for example: not eligible for auto-proxying) 
[INFO] 2018-10-12 17:58:33.332 [main] [org.springframework.context.support.PostProcessorRegistrationDelegate$BeanPostProcessorChecker]327 - Bean 'org.mybatis.spring.boot.autoconfigure.MybatisAutoConfiguration' of type [org.mybatis.spring.boot.autoconfigure.MybatisAutoConfiguration$$EnhancerBySpringCGLIB$$18b40074] is not eligible for getting processed by all BeanPostProcessors (for example: not eligible for auto-proxying) 
[INFO] 2018-10-12 17:58:33.337 [main] [org.springframework.context.support.PostProcessorRegistrationDelegate$BeanPostProcessorChecker]327 - Bean 'org.springframework.boot.autoconfigure.jdbc.DataSourceConfiguration$Tomcat' of type [org.springframework.boot.autoconfigure.jdbc.DataSourceConfiguration$Tomcat] is not eligible for getting processed by all BeanPostProcessors (for example: not eligible for auto-proxying) 
[INFO] 2018-10-12 17:58:33.360 [main] [org.springframework.context.support.PostProcessorRegistrationDelegate$BeanPostProcessorChecker]327 - Bean 'spring.datasource-org.springframework.boot.autoconfigure.jdbc.DataSourceProperties' of type [org.springframework.boot.autoconfigure.jdbc.DataSourceProperties] is not eligible for getting processed by all BeanPostProcessors (for example: not eligible for auto-proxying) 
[INFO] 2018-10-12 17:58:33.500 [main] [org.springframework.context.support.PostProcessorRegistrationDelegate$BeanPostProcessorChecker]327 - Bean 'dataSource' of type [org.apache.tomcat.jdbc.pool.DataSource] is not eligible for getting processed by all BeanPostProcessors (for example: not eligible for auto-proxying) 
[INFO] 2018-10-12 17:58:33.759 [main] [org.springframework.context.support.PostProcessorRegistrationDelegate$BeanPostProcessorChecker]327 - Bean 'sqlSessionFactory' of type [org.apache.ibatis.session.defaults.DefaultSqlSessionFactory] is not eligible for getting processed by all BeanPostProcessors (for example: not eligible for auto-proxying) 
[INFO] 2018-10-12 17:58:33.775 [main] [org.springframework.context.support.PostProcessorRegistrationDelegate$BeanPostProcessorChecker]327 - Bean 'sqlSessionTemplate' of type [org.mybatis.spring.SqlSessionTemplate] is not eligible for getting processed by all BeanPostProcessors (for example: not eligible for auto-proxying) 
[INFO] 2018-10-12 17:58:33.777 [main] [org.springframework.context.support.PostProcessorRegistrationDelegate$BeanPostProcessorChecker]327 - Bean 'sysOperationLogMapper' of type [org.mybatis.spring.mapper.MapperFactoryBean] is not eligible for getting processed by all BeanPostProcessors (for example: not eligible for auto-proxying) 
[INFO] 2018-10-12 17:58:33.780 [main] [org.springframework.context.support.PostProcessorRegistrationDelegate$BeanPostProcessorChecker]327 - Bean 'bussinessLog' of type [org.mybatis.spring.mapper.MapperFactoryBean] is not eligible for getting processed by all BeanPostProcessors (for example: not eligible for auto-proxying) 
[INFO] 2018-10-12 17:58:34.722 [main] [org.springframework.boot.context.embedded.tomcat.TomcatEmbeddedServletContainer]89 - Tomcat initialized with port(s): 8080 (http) 
[INFO] 2018-10-12 17:58:34.746 [main] [org.apache.juli.logging.DirectJDKLog]179 - Starting service [Tomcat] 
[INFO] 2018-10-12 17:58:34.748 [main] [org.apache.juli.logging.DirectJDKLog]179 - Starting Servlet Engine: Apache Tomcat/8.5.23 
[INFO] 2018-10-12 17:58:34.914 [localhost-startStop-1] [org.apache.juli.logging.DirectJDKLog]179 - Initializing Spring embedded WebApplicationContext 
[INFO] 2018-10-12 17:58:34.915 [localhost-startStop-1] [org.springframework.boot.context.embedded.EmbeddedWebApplicationContext]276 - Root WebApplicationContext: initialization completed in 2809 ms 
[INFO] 2018-10-12 17:58:35.162 [localhost-startStop-1] [org.springframework.boot.web.servlet.ServletRegistrationBean]190 - Mapping servlet: 'dispatcherServlet' to [/] 
[INFO] 2018-10-12 17:58:35.166 [localhost-startStop-1] [org.springframework.boot.web.servlet.AbstractFilterRegistrationBean]258 - Mapping filter: 'characterEncodingFilter' to: [/*] 
[INFO] 2018-10-12 17:58:35.167 [localhost-startStop-1] [org.springframework.boot.web.servlet.AbstractFilterRegistrationBean]258 - Mapping filter: 'hiddenHttpMethodFilter' to: [/*] 
[INFO] 2018-10-12 17:58:35.167 [localhost-startStop-1] [org.springframework.boot.web.servlet.AbstractFilterRegistrationBean]258 - Mapping filter: 'httpPutFormContentFilter' to: [/*] 
[INFO] 2018-10-12 17:58:35.168 [localhost-startStop-1] [org.springframework.boot.web.servlet.AbstractFilterRegistrationBean]258 - Mapping filter: 'requestContextFilter' to: [/*] 
[INFO] 2018-10-12 17:58:35.770 [main] [org.springframework.web.servlet.mvc.method.annotation.RequestMappingHandlerAdapter]534 - Looking for @ControllerAdvice: org.springframework.boot.context.embedded.AnnotationConfigEmbeddedWebApplicationContext@21ba0741: startup date [Fri Oct 12 17:58:32 CST 2018]; root of context hierarchy 
[INFO] 2018-10-12 17:58:35.903 [main] [org.springframework.web.servlet.handler.AbstractHandlerMethodMapping$MappingRegistry]543 - Mapped "{[/student/queryStudentInfo],methods=[GET]}" onto public java.lang.String com.gwg.demo.controller.StudentController.queryStudentInfo() 
[INFO] 2018-10-12 17:58:35.906 [main] [org.springframework.web.servlet.handler.AbstractHandlerMethodMapping$MappingRegistry]543 - Mapped "{[/error]}" onto public org.springframework.http.ResponseEntity<java.util.Map<java.lang.String, java.lang.Object>> org.springframework.boot.autoconfigure.web.BasicErrorController.error(javax.servlet.http.HttpServletRequest) 
[INFO] 2018-10-12 17:58:35.907 [main] [org.springframework.web.servlet.handler.AbstractHandlerMethodMapping$MappingRegistry]543 - Mapped "{[/error],produces=[text/html]}" onto public org.springframework.web.servlet.ModelAndView org.springframework.boot.autoconfigure.web.BasicErrorController.errorHtml(javax.servlet.http.HttpServletRequest,javax.servlet.http.HttpServletResponse) 
[INFO] 2018-10-12 17:58:35.969 [main] [org.springframework.web.servlet.handler.AbstractUrlHandlerMapping]362 - Mapped URL path [/webjars/**] onto handler of type [class org.springframework.web.servlet.resource.ResourceHttpRequestHandler] 
[INFO] 2018-10-12 17:58:35.970 [main] [org.springframework.web.servlet.handler.AbstractUrlHandlerMapping]362 - Mapped URL path [/**] onto handler of type [class org.springframework.web.servlet.resource.ResourceHttpRequestHandler] 
[INFO] 2018-10-12 17:58:36.030 [main] [org.springframework.web.servlet.handler.AbstractUrlHandlerMapping]362 - Mapped URL path [/**/favicon.ico] onto handler of type [class org.springframework.web.servlet.resource.ResourceHttpRequestHandler] 
[INFO] 2018-10-12 17:58:36.470 [main] [org.springframework.jmx.export.MBeanExporter]431 - Registering beans for JMX exposure on startup 
[INFO] 2018-10-12 17:58:36.492 [main] [org.apache.juli.logging.DirectJDKLog]179 - Initializing ProtocolHandler ["http-nio-8080"] 
[INFO] 2018-10-12 17:58:36.507 [main] [org.apache.juli.logging.DirectJDKLog]179 - Starting ProtocolHandler ["http-nio-8080"] 
[INFO] 2018-10-12 17:58:36.526 [main] [org.apache.juli.logging.DirectJDKLog]179 - Using a shared selector for servlet write/read 
[INFO] 2018-10-12 17:58:36.548 [main] [org.springframework.boot.context.embedded.tomcat.TomcatEmbeddedServletContainer]201 - Tomcat started on port(s): 8080 (http) 
[INFO] 2018-10-12 17:58:36.553 [main] [org.springframework.boot.StartupInfoLogger]57 - Started Application in 4.915 seconds (JVM running for 6.001) 
[INFO] 2018-10-12 17:59:04.909 [http-nio-8080-exec-3] [org.apache.juli.logging.DirectJDKLog]179 - Initializing Spring FrameworkServlet 'dispatcherServlet' 
[INFO] 2018-10-12 17:59:04.909 [http-nio-8080-exec-3] [org.springframework.web.servlet.FrameworkServlet]489 - FrameworkServlet 'dispatcherServlet': initialization started 
[INFO] 2018-10-12 17:59:04.936 [http-nio-8080-exec-3] [org.springframework.web.servlet.FrameworkServlet]508 - FrameworkServlet 'dispatcherServlet': initialization completed in 27 ms 
[INFO] 2018-10-12 18:56:58.744 [main] [org.springframework.boot.StartupInfoLogger]48 - Starting Application on DESKTOP-6OE57TT with PID 8536 (E:\shiro_workspace\springboot-asyncLogger-baseOnAspect\target\classes started by hp in E:\shiro_workspace\springboot-asyncLogger-baseOnAspect) 
[INFO] 2018-10-12 18:56:58.747 [main] [org.springframework.boot.SpringApplication]593 - No active profile set, falling back to default profiles: default 
[INFO] 2018-10-12 18:56:58.805 [main] [org.springframework.context.support.AbstractApplicationContext]583 - Refreshing org.springframework.boot.context.embedded.AnnotationConfigEmbeddedWebApplicationContext@21ba0741: startup date [Fri Oct 12 18:56:58 CST 2018]; root of context hierarchy 
[INFO] 2018-10-12 18:56:59.077 [background-preinit] [org.hibernate.validator.internal.util.Version]30 - HV000001: Hibernate Validator 5.3.6.Final 
[INFO] 2018-10-12 18:56:59.915 [main] [org.springframework.context.support.PostProcessorRegistrationDelegate$BeanPostProcessorChecker]327 - Bean 'mybatis-org.mybatis.spring.boot.autoconfigure.MybatisProperties' of type [org.mybatis.spring.boot.autoconfigure.MybatisProperties] is not eligible for getting processed by all BeanPostProcessors (for example: not eligible for auto-proxying) 
[INFO] 2018-10-12 18:56:59.920 [main] [org.springframework.context.support.PostProcessorRegistrationDelegate$BeanPostProcessorChecker]327 - Bean 'org.mybatis.spring.boot.autoconfigure.MybatisAutoConfiguration' of type [org.mybatis.spring.boot.autoconfigure.MybatisAutoConfiguration$$EnhancerBySpringCGLIB$$799fc095] is not eligible for getting processed by all BeanPostProcessors (for example: not eligible for auto-proxying) 
[INFO] 2018-10-12 18:56:59.926 [main] [org.springframework.context.support.PostProcessorRegistrationDelegate$BeanPostProcessorChecker]327 - Bean 'org.springframework.boot.autoconfigure.jdbc.DataSourceConfiguration$Tomcat' of type [org.springframework.boot.autoconfigure.jdbc.DataSourceConfiguration$Tomcat] is not eligible for getting processed by all BeanPostProcessors (for example: not eligible for auto-proxying) 
[INFO] 2018-10-12 18:56:59.961 [main] [org.springframework.context.support.PostProcessorRegistrationDelegate$BeanPostProcessorChecker]327 - Bean 'spring.datasource-org.springframework.boot.autoconfigure.jdbc.DataSourceProperties' of type [org.springframework.boot.autoconfigure.jdbc.DataSourceProperties] is not eligible for getting processed by all BeanPostProcessors (for example: not eligible for auto-proxying) 
[INFO] 2018-10-12 18:57:00.141 [main] [org.springframework.context.support.PostProcessorRegistrationDelegate$BeanPostProcessorChecker]327 - Bean 'dataSource' of type [org.apache.tomcat.jdbc.pool.DataSource] is not eligible for getting processed by all BeanPostProcessors (for example: not eligible for auto-proxying) 
[INFO] 2018-10-12 18:57:00.413 [main] [org.springframework.context.support.PostProcessorRegistrationDelegate$BeanPostProcessorChecker]327 - Bean 'sqlSessionFactory' of type [org.apache.ibatis.session.defaults.DefaultSqlSessionFactory] is not eligible for getting processed by all BeanPostProcessors (for example: not eligible for auto-proxying) 
[INFO] 2018-10-12 18:57:00.427 [main] [org.springframework.context.support.PostProcessorRegistrationDelegate$BeanPostProcessorChecker]327 - Bean 'sqlSessionTemplate' of type [org.mybatis.spring.SqlSessionTemplate] is not eligible for getting processed by all BeanPostProcessors (for example: not eligible for auto-proxying) 
[INFO] 2018-10-12 18:57:00.429 [main] [org.springframework.context.support.PostProcessorRegistrationDelegate$BeanPostProcessorChecker]327 - Bean 'sysOperationLogMapper' of type [org.mybatis.spring.mapper.MapperFactoryBean] is not eligible for getting processed by all BeanPostProcessors (for example: not eligible for auto-proxying) 
[INFO] 2018-10-12 18:57:00.432 [main] [org.springframework.context.support.PostProcessorRegistrationDelegate$BeanPostProcessorChecker]327 - Bean 'bussinessLog' of type [org.mybatis.spring.mapper.MapperFactoryBean] is not eligible for getting processed by all BeanPostProcessors (for example: not eligible for auto-proxying) 
[INFO] 2018-10-12 18:57:01.295 [main] [org.springframework.boot.context.embedded.tomcat.TomcatEmbeddedServletContainer]89 - Tomcat initialized with port(s): 8080 (http) 
[INFO] 2018-10-12 18:57:01.316 [main] [org.apache.juli.logging.DirectJDKLog]179 - Starting service [Tomcat] 
[INFO] 2018-10-12 18:57:01.317 [main] [org.apache.juli.logging.DirectJDKLog]179 - Starting Servlet Engine: Apache Tomcat/8.5.23 
[INFO] 2018-10-12 18:57:01.491 [localhost-startStop-1] [org.apache.juli.logging.DirectJDKLog]179 - Initializing Spring embedded WebApplicationContext 
[INFO] 2018-10-12 18:57:01.492 [localhost-startStop-1] [org.springframework.boot.context.embedded.EmbeddedWebApplicationContext]276 - Root WebApplicationContext: initialization completed in 2692 ms 
[INFO] 2018-10-12 18:57:01.711 [localhost-startStop-1] [org.springframework.boot.web.servlet.ServletRegistrationBean]190 - Mapping servlet: 'dispatcherServlet' to [/] 
[INFO] 2018-10-12 18:57:01.723 [localhost-startStop-1] [org.springframework.boot.web.servlet.AbstractFilterRegistrationBean]258 - Mapping filter: 'characterEncodingFilter' to: [/*] 
[INFO] 2018-10-12 18:57:01.725 [localhost-startStop-1] [org.springframework.boot.web.servlet.AbstractFilterRegistrationBean]258 - Mapping filter: 'hiddenHttpMethodFilter' to: [/*] 
[INFO] 2018-10-12 18:57:01.725 [localhost-startStop-1] [org.springframework.boot.web.servlet.AbstractFilterRegistrationBean]258 - Mapping filter: 'httpPutFormContentFilter' to: [/*] 
[INFO] 2018-10-12 18:57:01.726 [localhost-startStop-1] [org.springframework.boot.web.servlet.AbstractFilterRegistrationBean]258 - Mapping filter: 'requestContextFilter' to: [/*] 
[INFO] 2018-10-12 18:57:02.346 [main] [org.springframework.web.servlet.mvc.method.annotation.RequestMappingHandlerAdapter]534 - Looking for @ControllerAdvice: org.springframework.boot.context.embedded.AnnotationConfigEmbeddedWebApplicationContext@21ba0741: startup date [Fri Oct 12 18:56:58 CST 2018]; root of context hierarchy 
[INFO] 2018-10-12 18:57:02.454 [main] [org.springframework.web.servlet.handler.AbstractHandlerMethodMapping$MappingRegistry]543 - Mapped "{[/student/queryStudentInfo],methods=[GET]}" onto public java.lang.String com.gwg.demo.controller.StudentController.queryStudentInfo() 
[INFO] 2018-10-12 18:57:02.455 [main] [org.springframework.web.servlet.handler.AbstractHandlerMethodMapping$MappingRegistry]543 - Mapped "{[/student/queryStudent],methods=[POST]}" onto public java.lang.String com.gwg.demo.controller.StudentController.queryStudentInfo(com.gwg.demo.vo.StudentVo) 
[INFO] 2018-10-12 18:57:02.457 [main] [org.springframework.web.servlet.handler.AbstractHandlerMethodMapping$MappingRegistry]543 - Mapped "{[/error]}" onto public org.springframework.http.ResponseEntity<java.util.Map<java.lang.String, java.lang.Object>> org.springframework.boot.autoconfigure.web.BasicErrorController.error(javax.servlet.http.HttpServletRequest) 
[INFO] 2018-10-12 18:57:02.458 [main] [org.springframework.web.servlet.handler.AbstractHandlerMethodMapping$MappingRegistry]543 - Mapped "{[/error],produces=[text/html]}" onto public org.springframework.web.servlet.ModelAndView org.springframework.boot.autoconfigure.web.BasicErrorController.errorHtml(javax.servlet.http.HttpServletRequest,javax.servlet.http.HttpServletResponse) 
[INFO] 2018-10-12 18:57:02.501 [main] [org.springframework.web.servlet.handler.AbstractUrlHandlerMapping]362 - Mapped URL path [/webjars/**] onto handler of type [class org.springframework.web.servlet.resource.ResourceHttpRequestHandler] 
[INFO] 2018-10-12 18:57:02.501 [main] [org.springframework.web.servlet.handler.AbstractUrlHandlerMapping]362 - Mapped URL path [/**] onto handler of type [class org.springframework.web.servlet.resource.ResourceHttpRequestHandler] 
[INFO] 2018-10-12 18:57:02.550 [main] [org.springframework.web.servlet.handler.AbstractUrlHandlerMapping]362 - Mapped URL path [/**/favicon.ico] onto handler of type [class org.springframework.web.servlet.resource.ResourceHttpRequestHandler] 
[INFO] 2018-10-12 18:57:03.031 [main] [org.springframework.jmx.export.MBeanExporter]431 - Registering beans for JMX exposure on startup 
[INFO] 2018-10-12 18:57:03.050 [main] [org.apache.juli.logging.DirectJDKLog]179 - Initializing ProtocolHandler ["http-nio-8080"] 
[INFO] 2018-10-12 18:57:03.066 [main] [org.apache.juli.logging.DirectJDKLog]179 - Starting ProtocolHandler ["http-nio-8080"] 
[INFO] 2018-10-12 18:57:03.088 [main] [org.apache.juli.logging.DirectJDKLog]179 - Using a shared selector for servlet write/read 
[INFO] 2018-10-12 18:57:03.113 [main] [org.springframework.boot.context.embedded.tomcat.TomcatEmbeddedServletContainer]201 - Tomcat started on port(s): 8080 (http) 
[INFO] 2018-10-12 18:57:03.120 [main] [org.springframework.boot.StartupInfoLogger]57 - Started Application in 4.842 seconds (JVM running for 5.651) 
[INFO] 2018-10-12 18:58:31.083 [http-nio-8080-exec-3] [org.apache.juli.logging.DirectJDKLog]179 - Initializing Spring FrameworkServlet 'dispatcherServlet' 
[INFO] 2018-10-12 18:58:31.083 [http-nio-8080-exec-3] [org.springframework.web.servlet.FrameworkServlet]489 - FrameworkServlet 'dispatcherServlet': initialization started 
[INFO] 2018-10-12 18:58:31.108 [http-nio-8080-exec-3] [org.springframework.web.servlet.FrameworkServlet]508 - FrameworkServlet 'dispatcherServlet': initialization completed in 25 ms 
